<?xml version="1.0" encoding="UTF-8"?>
<testsuite xmlns:xsi="http://www.w3.org/2001/XMLSchema-instance" xsi:noNamespaceSchemaLocation="https://maven.apache.org/surefire/maven-surefire-plugin/xsd/surefire-test-report.xsd" version="3.0.2" name="com.zd.ZhanyiChessApplicationTests" time="4.604" tests="1" errors="0" skipped="0" failures="0">
  <properties>
[...]
</properties>
  <testcase name="contextLoads" classname="com.zd.ZhanyiChessApplicationTests" time="0.925">
    <system-out><![CDATA[15:22:11.097 [main] INFO org.springframework.test.context.support.AnnotationConfigContextLoaderUtils -- Could not detect default configuration classes for test class [com.zd.ZhanyiChessApplicationTests]: ZhanyiChessApplicationTests does not declare any static, non-private, non-final, nested classes annotated with @Configuration.
15:22:11.230 [main] INFO org.springframework.boot.test.context.SpringBootTestContextBootstrapper -- Found @SpringBootConfiguration com.zd.ZhanyiChessApplication for test class com.zd.ZhanyiChessApplicationTests

  .   ____          _            __ _ _
 /\\ / ___'_ __ _ _(_)_ __  __ _ \ \ \ \
( ( )\___ | '_ | '_| | '_ \/ _` | \ \ \ \
 \\/  ___)| |_)| | | | | || (_| |  ) ) ) )
  '  |____| .__|_| |_|_| |_\__, | / / / /
 =========|_|==============|___/=/_/_/_/

 :: Spring Boot ::                (v3.5.5)

2025-10-18T15:22:11.711+08:00  WARN 22764 --- [           main] ory$DuplicateJsonObjectContextCustomizer : 

Found multiple occurrences of org.json.JSONObject on the class path:

	jar:file:/D:/Maven/apache-maven-3.9.9-bin/apache-maven-3.9.9/mvn_repo/org/json/json/20210307/json-20210307.jar!/org/json/JSONObject.class
	jar:file:/D:/Maven/apache-maven-3.9.9-bin/apache-maven-3.9.9/mvn_repo/com/vaadin/external/google/android-json/0.0.20131108.vaadin1/android-json-0.0.20131108.vaadin1.jar!/org/json/JSONObject.class

You may wish to exclude one of them to ensure predictable runtime behavior

2025-10-18T15:22:11.736+08:00  INFO 22764 --- [           main] com.zd.ZhanyiChessApplicationTests       : Starting ZhanyiChessApplicationTests using Java 17.0.16 with PID 22764 (started by Lenovo in D:\javaProject\zhanyi-Chess)
2025-10-18T15:22:11.737+08:00  INFO 22764 --- [           main] com.zd.ZhanyiChessApplicationTests       : No active profile set, falling back to 1 default profile: "default"
2025-10-18T15:22:12.471+08:00  INFO 22764 --- [           main] .s.d.r.c.RepositoryConfigurationDelegate : Multiple Spring Data modules found, entering strict repository configuration mode
2025-10-18T15:22:12.473+08:00  INFO 22764 --- [           main] .s.d.r.c.RepositoryConfigurationDelegate : Bootstrapping Spring Data Redis repositories in DEFAULT mode.
2025-10-18T15:22:12.506+08:00  INFO 22764 --- [           main] .s.d.r.c.RepositoryConfigurationDelegate : Finished Spring Data repository scanning in 15 ms. Found 0 Redis repository interfaces.
2025-10-18T15:22:13.937+08:00  INFO 22764 --- [           main] o.s.b.a.w.s.WelcomePageHandlerMapping    : Adding welcome page: class path resource [static/index.html]
2025-10-18T15:22:14.523+08:00  INFO 22764 --- [           main] .w.s.a.s.AnnotationActionEndpointMapping : Supporting [WS-Addressing August 2004, WS-Addressing 1.0]
2025-10-18T15:22:14.585+08:00  INFO 22764 --- [           main] o.s.m.s.b.SimpleBrokerMessageHandler     : Starting...
2025-10-18T15:22:14.588+08:00  INFO 22764 --- [           main] o.s.m.s.b.SimpleBrokerMessageHandler     : BrokerAvailabilityEvent[available=true, SimpleBrokerMessageHandler [org.springframework.messaging.simp.broker.DefaultSubscriptionRegistry@4c8abec7]]
2025-10-18T15:22:14.590+08:00  INFO 22764 --- [           main] o.s.m.s.b.SimpleBrokerMessageHandler     : Started.
2025-10-18T15:22:14.603+08:00  INFO 22764 --- [           main] com.zd.ZhanyiChessApplicationTests       : Started ZhanyiChessApplicationTests in 3.204 seconds (process running for 4.252)
]]></system-out>
  </testcase>
</testsuite>